2025-09-28 00:11:17,242 [INFO] alertmate.server :: All cookies received: {'alertmate_session': '7b22757365725f6964223a2230356331656139352d366436312d346237662d626536622d663230353462346238643533222c22657870697265735f6174223a22323032352d31302d30345431383a35343a32332e373236313337227d.7edbdb0bae3cc3e734609196457f8d0bbcf27d52a0d289f88eddb3c8596265a1'}
2025-09-28 00:11:17,242 [INFO] alertmate.server :: All cookies received: {'alertmate_session': '7b22757365725f6964223a2230356331656139352d366436312d346237662d626536622d663230353462346238643533222c22657870697265735f6174223a22323032352d31302d30345431383a35343a32332e373236313337227d.7edbdb0bae3cc3e734609196457f8d0bbcf27d52a0d289f88eddb3c8596265a1'}
2025-09-28 00:11:17,242 [INFO] alertmate.server :: All cookies received: {'alertmate_session': '7b22757365725f6964223a2230356331656139352d366436312d346237662d626536622d663230353462346238643533222c22657870697265735f6174223a22323032352d31302d30345431383a35343a32332e373236313337227d.7edbdb0bae3cc3e734609196457f8d0bbcf27d52a0d289f88eddb3c8596265a1'}
2025-09-28 00:11:17,242 [INFO] alertmate.server :: Looking for cookie name: alertmate_session
2025-09-28 00:11:17,256 [INFO] alertmate.server :: Looking for cookie name: alertmate_session
2025-09-28 00:11:17,258 [INFO] alertmate.server :: Looking for cookie name: alertmate_session
2025-09-28 00:11:17,258 [INFO] alertmate.server :: Session token from cookie: True
2025-09-28 00:11:17,258 [INFO] alertmate.server :: Session token from cookie: True
2025-09-28 00:11:17,260 [INFO] alertmate.server :: Session token from cookie: True
2025-09-28 00:11:17,262 [INFO] alertmate.server :: Verifying token: 7b22757365725f6964223a2230356331656139352d36643631...
2025-09-28 00:11:17,262 [INFO] alertmate.server :: Verifying token: 7b22757365725f6964223a2230356331656139352d36643631...
2025-09-28 00:11:17,262 [INFO] alertmate.server :: Verifying token: 7b22757365725f6964223a2230356331656139352d36643631...
2025-09-28 00:11:17,264 [INFO] app.utils.session :: Verifying token: 7b22757365725f6964223a2230356331656139352d36643631...
2025-09-28 00:11:17,265 [INFO] app.utils.session :: Verifying token: 7b22757365725f6964223a2230356331656139352d36643631...
2025-09-28 00:11:17,265 [INFO] app.utils.session :: Verifying token: 7b22757365725f6964223a2230356331656139352d36643631...
2025-09-28 00:11:17,265 [INFO] app.utils.session :: Payload part: 7b22757365725f696422..., Signature: 7edbdb0bae3cc3e73460...
2025-09-28 00:11:17,265 [INFO] app.utils.session :: Payload part: 7b22757365725f696422..., Signature: 7edbdb0bae3cc3e73460...
2025-09-28 00:11:17,265 [INFO] app.utils.session :: Payload part: 7b22757365725f696422..., Signature: 7edbdb0bae3cc3e73460...
2025-09-28 00:11:17,265 [INFO] app.utils.session :: Expected signature: 7edbdb0bae3cc3e73460...
2025-09-28 00:11:17,265 [INFO] app.utils.session :: Expected signature: 7edbdb0bae3cc3e73460...
2025-09-28 00:11:17,265 [INFO] app.utils.session :: Expected signature: 7edbdb0bae3cc3e73460...
2025-09-28 00:11:17,265 [INFO] app.utils.session :: Provided signature: 7edbdb0bae3cc3e73460...
2025-09-28 00:11:17,274 [INFO] app.utils.session :: Provided signature: 7edbdb0bae3cc3e73460...
2025-09-28 00:11:17,275 [INFO] app.utils.session :: Provided signature: 7edbdb0bae3cc3e73460...
2025-09-28 00:11:17,275 [INFO] app.utils.session :: Decoded payload: {'user_id': '05c1ea95-6d61-4b7f-be6b-f2054b4b8d53', 'expires_at': '2025-10-04T18:54:23.726137'}
2025-09-28 00:11:17,275 [INFO] app.utils.session :: Decoded payload: {'user_id': '05c1ea95-6d61-4b7f-be6b-f2054b4b8d53', 'expires_at': '2025-10-04T18:54:23.726137'}
2025-09-28 00:11:17,278 [INFO] app.utils.session :: Decoded payload: {'user_id': '05c1ea95-6d61-4b7f-be6b-f2054b4b8d53', 'expires_at': '2025-10-04T18:54:23.726137'}
2025-09-28 00:11:17,278 [INFO] app.utils.session :: Token expires at: 2025-10-04 18:54:23.726137, Current time: 2025-09-27 19:11:17.278978
2025-09-28 00:11:17,278 [INFO] app.utils.session :: Token expires at: 2025-10-04 18:54:23.726137, Current time: 2025-09-27 19:11:17.278978
2025-09-28 00:11:17,282 [INFO] app.utils.session :: Token expires at: 2025-10-04 18:54:23.726137, Current time: 2025-09-27 19:11:17.282493
2025-09-28 00:11:17,282 [INFO] app.utils.session :: Token verification successful
2025-09-28 00:11:17,282 [INFO] app.utils.session :: Token verification successful
2025-09-28 00:11:17,282 [INFO] app.utils.session :: Token verification successful
2025-09-28 00:11:17,282 [INFO] alertmate.server :: Token verification result: True
2025-09-28 00:11:17,282 [INFO] alertmate.server :: Token verification result: True
2025-09-28 00:11:17,282 [INFO] alertmate.server :: Token verification result: True
2025-09-28 00:11:17,289 [INFO] alertmate.server :: Looking up user: 05c1ea95-6d61-4b7f-be6b-f2054b4b8d53
2025-09-28 00:11:17,289 [INFO] alertmate.server :: Looking up user: 05c1ea95-6d61-4b7f-be6b-f2054b4b8d53
2025-09-28 00:11:17,289 [INFO] alertmate.server :: Looking up user: 05c1ea95-6d61-4b7f-be6b-f2054b4b8d53
2025-09-28 00:11:17,314 [INFO] alertmate.server :: User not found in database: 05c1ea95-6d61-4b7f-be6b-f2054b4b8d53
2025-09-28 00:11:17,328 [INFO] alertmate.server :: User not found in database: 05c1ea95-6d61-4b7f-be6b-f2054b4b8d53
2025-09-28 00:11:17,330 [INFO] alertmate.server :: User not found in database: 05c1ea95-6d61-4b7f-be6b-f2054b4b8d53
2025-09-28 00:11:18,796 [INFO] alertmate.server :: All cookies received: {'alertmate_session': '7b22757365725f6964223a2230356331656139352d366436312d346237662d626536622d663230353462346238643533222c22657870697265735f6174223a22323032352d31302d30345431383a35343a32332e373236313337227d.7edbdb0bae3cc3e734609196457f8d0bbcf27d52a0d289f88eddb3c8596265a1'}
2025-09-28 00:11:18,796 [INFO] alertmate.server :: Looking for cookie name: alertmate_session
2025-09-28 00:11:18,796 [INFO] alertmate.server :: Session token from cookie: True
2025-09-28 00:11:18,796 [INFO] alertmate.server :: Verifying token: 7b22757365725f6964223a2230356331656139352d36643631...
2025-09-28 00:11:18,796 [INFO] app.utils.session :: Verifying token: 7b22757365725f6964223a2230356331656139352d36643631...
2025-09-28 00:11:18,796 [INFO] app.utils.session :: Payload part: 7b22757365725f696422..., Signature: 7edbdb0bae3cc3e73460...
2025-09-28 00:11:18,796 [INFO] app.utils.session :: Expected signature: 7edbdb0bae3cc3e73460...
2025-09-28 00:11:18,807 [INFO] app.utils.session :: Provided signature: 7edbdb0bae3cc3e73460...
2025-09-28 00:11:18,807 [INFO] app.utils.session :: Decoded payload: {'user_id': '05c1ea95-6d61-4b7f-be6b-f2054b4b8d53', 'expires_at': '2025-10-04T18:54:23.726137'}
2025-09-28 00:11:18,810 [INFO] app.utils.session :: Token expires at: 2025-10-04 18:54:23.726137, Current time: 2025-09-27 19:11:18.810114
2025-09-28 00:11:18,812 [INFO] app.utils.session :: Token verification successful
2025-09-28 00:11:18,814 [INFO] alertmate.server :: Token verification result: True
2025-09-28 00:11:18,814 [INFO] alertmate.server :: Looking up user: 05c1ea95-6d61-4b7f-be6b-f2054b4b8d53
2025-09-28 00:11:18,814 [INFO] alertmate.server :: User not found in database: 05c1ea95-6d61-4b7f-be6b-f2054b4b8d53
2025-09-28 00:11:30,236 [ERROR] alertmate.server :: Login failed
Traceback (most recent call last):
  File "C:\Users\hp\Desktop\MyArchive\Code\AlertMate\backend\server.py", line 304, in login_endpoint
    raise HTTPException(
fastapi.exceptions.HTTPException: 401: Invalid email or password
